This is pdfeTeX, Version 3.141592-1.20a-2.2 (Web2C 7.5.3) (format=pdflatex 2005.4.5)  24 SEP 2007 12:08
entering extended mode
**schaff_knowwh.tex
(./schaff_knowwh.tex
LaTeX2e <2003/12/01>
Babel <v3.8d> and hyphenation patterns for american, french, german, ngerman, d
utch, italian, norsk, portuges, spanish, swedish, nohyphenation, loaded.
(/usr/local/teTeX/share/texmf.tetex/tex/latex/base/article.cls
Document Class: article 2004/02/16 v1.4f Standard LaTeX document class
(/usr/local/teTeX/share/texmf.tetex/tex/latex/base/size11.clo
File: size11.clo 2004/02/16 v1.4f Standard LaTeX file (size option)
)
\c@part=\count79
\c@section=\count80
\c@subsection=\count81
\c@subsubsection=\count82
\c@paragraph=\count83
\c@subparagraph=\count84
\c@figure=\count85
\c@table=\count86
\abovecaptionskip=\skip41
\belowcaptionskip=\skip42
\bibindent=\dimen102
) (./linguex.sty
(/usr/local/teTeX/share/texmf.tetex/tex/latex/tools/xspace.sty
Package: xspace 1997/10/13 v1.06 Space after command names (DPC)
)
\c@ExNo=\count87
\c@SubExNo=\count88
\c@SubSubExNo=\count89
\c@FnExNo=\count90
\c@ABC=\count91
\currentlabel=\skip43
\lessthanten=\skip44
\lessthanhundred=\skip45
\lessthanthousand=\skip46
\@Exleftmargin=\skip47
\Exlabelwidth=\skip48
\Extopsep=\skip49
\Exindent=\skip50
\SubExleftmargin=\skip51
\SubSubExleftmargin=\skip52
\Exlabelsep=\skip53
\alignSubExnegindent=\skip54
\c@ExDepth=\count92
\c@TempExDepth=\count93
\CollectTokens=\toks14
LaTeX Info: Redefining \b on input line 240.
LaTeX Info: Redefining \c on input line 244.
LaTeX Info: Redefining \d on input line 246.
\c@tmpaEx=\count94
)
(/usr/local/teTeX/share/texmf.tetex/tex/latex/amsfonts/amssymb.sty
Package: amssymb 2002/01/22 v2.2d

(/usr/local/teTeX/share/texmf.tetex/tex/latex/amsfonts/amsfonts.sty
Package: amsfonts 2001/10/25 v2.2f
\@emptytoks=\toks15
\symAMSa=\mathgroup4
\symAMSb=\mathgroup5
LaTeX Font Info:    Overwriting math alphabet `\mathfrak' in version `bold'
(Font)                  U/euf/m/n --> U/euf/b/n on input line 132.
))
(/usr/local/teTeX/share/texmf.tetex/tex/latex/psnfss/times.sty
Package: times 2004/09/15 PSNFSS-v9.2 (SPQR) 
)
(/usr/local/teTeX/share/texmf.tetex/tex/latex/a4wide/a4wide.sty
Package: a4wide 1994/08/30

(/usr/local/teTeX/share/texmf.tetex/tex/latex/ntgclass/a4.sty
Package: a4 2004/04/15 v1.2g A4 based page layout
))
(/usr/local/teTeX/share/texmf.tetex/tex/latex/amsmath/amstext.sty
Package: amstext 2000/06/29 v2.01

(/usr/local/teTeX/share/texmf.tetex/tex/latex/amsmath/amsgen.sty
File: amsgen.sty 1999/11/30 v2.0
\@emptytoks=\toks16
\ex@=\dimen103
))
(/usr/local/teTeX/share/texmf.tetex/tex/latex/base/inputenc.sty
Package: inputenc 2004/02/05 v1.0d Input encoding file

(/usr/local/teTeX/share/texmf.tetex/tex/latex/base/latin1.def
File: latin1.def 2004/02/05 v1.0d Input encoding file
))
(/usr/local/teTeX/share/texmf.tetex/tex/latex/fancybox/fancybox.sty
Package: fancybox 2000/09/19 1.3

Style option: `fancybox' v1.3 <2000/09/19> (tvz)
\@fancybox=\box26
\shadowsize=\dimen104
\@Sbox=\box27
\do@VerbBox=\toks17
\the@fancyput=\toks18
\this@fancyput=\toks19
\EndVerbatimTokens=\toks20
\Verbatim@Outfile=\write3
\Verbatim@Infile=\read1
) (./schaff_knowwh.aux)
\openout1 = `schaff_knowwh.aux'.

LaTeX Font Info:    Checking defaults for OML/cmm/m/it on input line 27.
LaTeX Font Info:    ... okay on input line 27.
LaTeX Font Info:    Checking defaults for T1/cmr/m/n on input line 27.
LaTeX Font Info:    ... okay on input line 27.
LaTeX Font Info:    Checking defaults for OT1/cmr/m/n on input line 27.
LaTeX Font Info:    ... okay on input line 27.
LaTeX Font Info:    Checking defaults for OMS/cmsy/m/n on input line 27.
LaTeX Font Info:    ... okay on input line 27.
LaTeX Font Info:    Checking defaults for OMX/cmex/m/n on input line 27.
LaTeX Font Info:    ... okay on input line 27.
LaTeX Font Info:    Checking defaults for U/cmr/m/n on input line 27.
LaTeX Font Info:    ... okay on input line 27.
LaTeX Font Info:    Try loading font information for OT1+ptm on input line 27.

(/usr/local/teTeX/share/texmf.tetex/tex/latex/psnfss/ot1ptm.fd
File: ot1ptm.fd 2001/06/04 font definitions for OT1/ptm.
)
LaTeX Font Info:    Try loading font information for U+msa on input line 35.

(/usr/local/teTeX/share/texmf.tetex/tex/latex/amsfonts/umsa.fd
File: umsa.fd 2002/01/19 v2.2g AMS font definitions
)
LaTeX Font Info:    Try loading font information for U+msb on input line 35.

(/usr/local/teTeX/share/texmf.tetex/tex/latex/amsfonts/umsb.fd
File: umsb.fd 2002/01/19 v2.2g AMS font definitions
) (./intro3.tex
LaTeX Font Info:    Font shape `OT1/ptm/bx/n' in size <10.95> not available
(Font)              Font shape `OT1/ptm/b/n' tried instead on input line 87.

[1

{/usr/local/teTeX/share/texmf.local/fonts/map/pdftex/updmap/pdftex.map}])
(./polar.tex
LaTeX Font Info:    Font shape `OT1/ptm/bx/n' in size <14.4> not available
(Font)              Font shape `OT1/ptm/b/n' tried instead on input line 18.
 [2]
LaTeX Font Info:    Font shape `OT1/ptm/bx/n' in size <9> not available
(Font)              Font shape `OT1/ptm/b/n' tried instead on input line 149.
 [3]) (./closerlook.tex [4] (./figure1.tex) [5] [6] [7])
[8] (./answer2.tex [9] [10]) (./conclusion.tex) [11] (./biblio_mariapaul.tex)
(./appendix.tex [12] [13] [14] (./fig2.tex)) [15] (./schaff_knowwh.aux) ) 
Here is how much of TeX's memory you used:
 1133 strings out of 95217
 13488 string characters out of 1184539
 2054006 words of memory out of 4508841
 4205 multiletter control sequences out of 10000+50000
 34241 words of font info for 75 fonts, out of 2000000 for 2000
 58 hyphenation exceptions out of 1000
 26i,9n,24p,710b,252s stack positions out of 1500i,500n,5000p,200000b,5000s
 102 PDF objects out of 300000
 0 named destinations out of 131072
 1 words of extra memory for PDF output out of 65536
</usr/
local/teTeX/share/texmf.tetex/fonts/type1/bluesky/cm/cmex10.pfb></usr/local/teT
eX/share/texmf.tetex/fonts/type1/bluesky/symbols/msbm10.pfb></usr/local/teTeX/s
hare/texmf.tetex/fonts/type1/bluesky/cm/cmsy6.pfb></usr/local/teTeX/share/texmf
.tetex/fonts/type1/bluesky/cm/cmmi8.pfb></usr/local/teTeX/share/texmf.tetex/fon
ts/type1/bluesky/latex/line10.pfb></usr/local/teTeX/share/texmf.tetex/fonts/typ
e1/bluesky/latex/lcircle1.pfb></usr/local/teTeX/share/texmf.tetex/fonts/type1/b
luesky/cm/cmsy8.pfb></usr/local/teTeX/share/texmf.tetex/fonts/type1/bluesky/cm/
cmr8.pfb></usr/local/teTeX/share/texmf.tetex/fonts/type1/bluesky/cm/cmsy10.pfb>
{/usr/local/teTeX/share/texmf.tetex/fonts/enc/dvips/psnfss/8r.enc}</usr/local/t
eTeX/share/texmf.tetex/fonts/type1/urw/times/utmb8a.pfb></usr/local/teTeX/share
/texmf.tetex/fonts/type1/bluesky/cm/cmsy9.pfb></usr/local/teTeX/share/texmf.tet
ex/fonts/type1/bluesky/cm/cmmi6.pfb></usr/local/teTeX/share/texmf.tetex/fonts/t
ype1/bluesky/cm/cmmi9.pfb></usr/local/teTeX/share/texmf.tetex/fonts/type1/blues
ky/cm/cmr9.pfb></usr/local/teTeX/share/texmf.tetex/fonts/type1/bluesky/cm/cmr10
.pfb></usr/local/teTeX/share/texmf.tetex/fonts/type1/bluesky/cm/cmmi10.pfb></us
r/local/teTeX/share/texmf.tetex/fonts/type1/urw/times/utmri8a.pfb></usr/local/t
eTeX/share/texmf.tetex/fonts/type1/urw/times/utmr8a.pfb>
Output written on schaff_knowwh.pdf (15 pages, 166771 bytes).
