This is pdfeTeX, Version 3.141592-1.20a-2.2 (Web2C 7.5.3) (format=pdflatex 2005.4.5)  4 JUL 2007 10:42
entering extended mode
**schaffer.tex
(./schaffer.tex
LaTeX2e <2003/12/01>
Babel <v3.8d> and hyphenation patterns for american, french, german, ngerman, d
utch, italian, norsk, portuges, spanish, swedish, nohyphenation, loaded.
(/usr/local/teTeX/share/texmf.tetex/tex/latex/base/article.cls
Document Class: article 2004/02/16 v1.4f Standard LaTeX document class
(/usr/local/teTeX/share/texmf.tetex/tex/latex/base/size10.clo
File: size10.clo 2004/02/16 v1.4f Standard LaTeX file (size option)
)
\c@part=\count79
\c@section=\count80
\c@subsection=\count81
\c@subsubsection=\count82
\c@paragraph=\count83
\c@subparagraph=\count84
\c@figure=\count85
\c@table=\count86
\abovecaptionskip=\skip41
\belowcaptionskip=\skip42
\bibindent=\dimen102
)
(/usr/local/teTeX/share/texmf.tetex/tex/latex/base/latexsym.sty
Package: latexsym 1998/08/17 v2.2e Standard LaTeX package (lasy symbols)
\symlasy=\mathgroup4
LaTeX Font Info:    Overwriting symbol font `lasy' in version `bold'
(Font)                  U/lasy/m/n --> U/lasy/b/n on input line 47.
)
(/usr/local/teTeX/share/texmf.tetex/tex/latex/a4wide/a4wide.sty
Package: a4wide 1994/08/30

(/usr/local/teTeX/share/texmf.tetex/tex/latex/ntgclass/a4.sty
Package: a4 2004/04/15 v1.2g A4 based page layout
)) (./linguex.sty
(/usr/local/teTeX/share/texmf.tetex/tex/latex/tools/xspace.sty
Package: xspace 1997/10/13 v1.06 Space after command names (DPC)
)
\c@ExNo=\count87
\c@SubExNo=\count88
\c@SubSubExNo=\count89
\c@FnExNo=\count90
\c@ABC=\count91
\currentlabel=\skip43
\lessthanten=\skip44
\lessthanhundred=\skip45
\lessthanthousand=\skip46
\@Exleftmargin=\skip47
\Exlabelwidth=\skip48
\Extopsep=\skip49
\Exindent=\skip50
\SubExleftmargin=\skip51
\SubSubExleftmargin=\skip52
\Exlabelsep=\skip53
\alignSubExnegindent=\skip54
\c@ExDepth=\count92
\c@TempExDepth=\count93
\CollectTokens=\toks14
LaTeX Info: Redefining \b on input line 240.
LaTeX Info: Redefining \c on input line 244.
LaTeX Info: Redefining \d on input line 246.
\c@tmpaEx=\count94
)
(./schaffer.aux)
\openout1 = `schaffer.aux'.

LaTeX Font Info:    Checking defaults for OML/cmm/m/it on input line 16.
LaTeX Font Info:    ... okay on input line 16.
LaTeX Font Info:    Checking defaults for T1/cmr/m/n on input line 16.
LaTeX Font Info:    ... okay on input line 16.
LaTeX Font Info:    Checking defaults for OT1/cmr/m/n on input line 16.
LaTeX Font Info:    ... okay on input line 16.
LaTeX Font Info:    Checking defaults for OMS/cmsy/m/n on input line 16.
LaTeX Font Info:    ... okay on input line 16.
LaTeX Font Info:    Checking defaults for OMX/cmex/m/n on input line 16.
LaTeX Font Info:    ... okay on input line 16.
LaTeX Font Info:    Checking defaults for U/cmr/m/n on input line 16.
LaTeX Font Info:    ... okay on input line 16.
LaTeX Font Info:    Try loading font information for OMS+cmr on input line 21.
 (/usr/local/teTeX/share/texmf.tetex/tex/latex/base/omscmr.fd
File: omscmr.fd 1999/05/25 v2.5h Standard LaTeX font definitions
)
LaTeX Font Info:    Font shape `OMS/cmr/m/n' in size <10> not available
(Font)              Font shape `OMS/cmsy/m/n' tried instead on input line 21.
LaTeX Font Info:    External font `cmex10' loaded for size
(Font)              <7> on input line 26.
LaTeX Font Info:    External font `cmex10' loaded for size
(Font)              <5> on input line 26.
LaTeX Font Info:    Try loading font information for U+lasy on input line 26.

(/usr/local/teTeX/share/texmf.tetex/tex/latex/base/ulasy.fd
File: ulasy.fd 1998/08/17 v2.2e LaTeX symbol font definitions
) [1

{/usr/local/teTeX/share/texmf.local/fonts/map/pdftex/updmap/pdftex.map}] (./sch
affer.aux) ) 
Here is how much of TeX's memory you used:
 441 strings out of 95217
 5331 string characters out of 1184539
 2048365 words of memory out of 4503200
 3603 multiletter control sequences out of 10000+50000
 4563 words of font info for 19 fonts, out of 2000000 for 2000
 58 hyphenation exceptions out of 1000
 23i,4n,19p,192b,275s stack positions out of 1500i,500n,5000p,200000b,5000s
 22 PDF objects out of 300000
 0 named destinations out of 131072
 1 words of extra memory for PDF output out of 65536
</usr/local/teTeX/share/texmf.tetex/fonts/type1/bluesky/cm/cmsy7.pf
b></usr/local/teTeX/share/texmf.tetex/fonts/type1/bluesky/cm/cmmi7.pfb></usr/lo
cal/teTeX/share/texmf.tetex/fonts/type1/bluesky/cm/cmmi10.pfb></usr/local/teTeX
/share/texmf.tetex/fonts/type1/bluesky/cm/cmr10.pfb></usr/local/teTeX/share/tex
mf.tetex/fonts/type1/bluesky/cm/cmsy10.pfb></usr/local/teTeX/share/texmf.tetex/
fonts/type1/bluesky/cm/cmbx12.pfb>
Output written on schaffer.pdf (1 page, 38206 bytes).
