This is pdfeTeX, Version 3.141592-1.20a-2.2 (Web2C 7.5.3) (format=pdflatex 2005.4.5)  21 SEP 2007 14:53
entering extended mode
**appendix.tex
(./appendix.tex
LaTeX2e <2003/12/01>
Babel <v3.8d> and hyphenation patterns for american, french, german, ngerman, d
utch, italian, norsk, portuges, spanish, swedish, nohyphenation, loaded.
! Undefined control sequence.
l.7 \section
            *{Appendix}
? 
! Emergency stop.
l.7 \section
            *{Appendix}
End of file on the terminal!

 
Here is how much of TeX's memory you used:
 7 strings out of 95217
 128 string characters out of 1184539
 2045165 words of memory out of 4500000
 3213 multiletter control sequences out of 10000+50000
 3640 words of font info for 14 fonts, out of 2000000 for 2000
 58 hyphenation exceptions out of 1000
 7i,0n,6p,67b,8s stack positions out of 1500i,500n,5000p,200000b,5000s
 0 PDF objects out of 300000
 0 named destinations out of 131072
 1 words of extra memory for PDF output out of 65536
No pages of output.
