This is pdfeTeX, Version 3.141592-1.20a-2.2 (Web2C 7.5.3) (format=pdflatex 2005.4.5)  24 SEP 2007 11:46
entering extended mode
**notes.tex
(./notes.tex
LaTeX2e <2003/12/01>
Babel <v3.8d> and hyphenation patterns for american, french, german, ngerman, d
utch, italian, norsk, portuges, spanish, swedish, nohyphenation, loaded.
(/usr/local/teTeX/share/texmf.tetex/tex/latex/base/article.cls
Document Class: article 2004/02/16 v1.4f Standard LaTeX document class
(/usr/local/teTeX/share/texmf.tetex/tex/latex/base/size11.clo
File: size11.clo 2004/02/16 v1.4f Standard LaTeX file (size option)
)
\c@part=\count79
\c@section=\count80
\c@subsection=\count81
\c@subsubsection=\count82
\c@paragraph=\count83
\c@subparagraph=\count84
\c@figure=\count85
\c@table=\count86
\abovecaptionskip=\skip41
\belowcaptionskip=\skip42
\bibindent=\dimen102
) (./linguex.sty
(/usr/local/teTeX/share/texmf.tetex/tex/latex/tools/xspace.sty
Package: xspace 1997/10/13 v1.06 Space after command names (DPC)
)
\c@ExNo=\count87
\c@SubExNo=\count88
\c@SubSubExNo=\count89
\c@FnExNo=\count90
\c@ABC=\count91
\currentlabel=\skip43
\lessthanten=\skip44
\lessthanhundred=\skip45
\lessthanthousand=\skip46
\@Exleftmargin=\skip47
\Exlabelwidth=\skip48
\Extopsep=\skip49
\Exindent=\skip50
\SubExleftmargin=\skip51
\SubSubExleftmargin=\skip52
\Exlabelsep=\skip53
\alignSubExnegindent=\skip54
\c@ExDepth=\count92
\c@TempExDepth=\count93
\CollectTokens=\toks14
LaTeX Info: Redefining \b on input line 240.
LaTeX Info: Redefining \c on input line 244.
LaTeX Info: Redefining \d on input line 246.
\c@tmpaEx=\count94
) (./notes.aux)
\openout1 = `notes.aux'.

LaTeX Font Info:    Checking defaults for OML/cmm/m/it on input line 24.
LaTeX Font Info:    ... okay on input line 24.
LaTeX Font Info:    Checking defaults for T1/cmr/m/n on input line 24.
LaTeX Font Info:    ... okay on input line 24.
LaTeX Font Info:    Checking defaults for OT1/cmr/m/n on input line 24.
LaTeX Font Info:    ... okay on input line 24.
LaTeX Font Info:    Checking defaults for OMS/cmsy/m/n on input line 24.
LaTeX Font Info:    ... okay on input line 24.
LaTeX Font Info:    Checking defaults for OMX/cmex/m/n on input line 24.
LaTeX Font Info:    ... okay on input line 24.
LaTeX Font Info:    Checking defaults for U/cmr/m/n on input line 24.
LaTeX Font Info:    ... okay on input line 24.
LaTeX Font Info:    External font `cmex10' loaded for size
(Font)              <10.95> on input line 104.
LaTeX Font Info:    External font `cmex10' loaded for size
(Font)              <8> on input line 104.
LaTeX Font Info:    External font `cmex10' loaded for size
(Font)              <6> on input line 104.
LaTeX Font Info:    External font `cmex10' loaded for size
(Font)              <9> on input line 119.
LaTeX Font Info:    External font `cmex10' loaded for size
(Font)              <5> on input line 119.

[1

{/usr/local/teTeX/share/texmf.local/fonts/map/pdftex/updmap/pdftex.map}]
Overfull \hbox (2.79457pt too wide) in paragraph at lines 163--163
[]\OT1/cmr/m/n/10.95 Part$[](?[] \OML/cmm/m/it/10.95 ^^^\OT1/cmr/m/n/10.95 )$ =
$\OMS/cmsy/m/n/10.95 fh\OML/cmm/m/it/10.95 w; v\OMS/cmsy/m/n/10.95 i j 8[] \OT1
/cmr/m/n/10.95 : \OMS/cmsy/m/n/10.95 h[]\OML/cmm/m/it/10.95 ; w\OMS/cmsy/m/n/10
.95 i 2 \OT1/cmr/m/n/10.95 [ [?[] \OML/cmm/m/it/10.95 ^^^\OT1/cmr/m/n/10.95 ] ]
[]$ iff $\OMS/cmsy/m/n/10.95 h[]\OML/cmm/m/it/10.95 ; v\OMS/cmsy/m/n/10.95 i 2 
\OT1/cmr/m/n/10.95 [ [?[] \OML/cmm/m/it/10.95 ^^^\OT1/cmr/m/n/10.95 ] ][]\OMS/c
msy/m/n/10.95 g$ 
 []

[2] [3] (./notes.aux) ) 
Here is how much of TeX's memory you used:
 415 strings out of 95217
 4269 string characters out of 1184539
 2048292 words of memory out of 4503127
 3586 multiletter control sequences out of 10000+50000
 8550 words of font info for 30 fonts, out of 2000000 for 2000
 58 hyphenation exceptions out of 1000
 24i,8n,19p,649b,192s stack positions out of 1500i,500n,5000p,200000b,5000s
 58 PDF objects out of 300000
 0 named destinations out of 131072
 1 words of extra memory for PDF output out of 65536
</usr/local/teTeX/share/texmf.tetex/fonts/type1/bluesky/
cm/cmex10.pfb></usr/local/teTeX/share/texmf.tetex/fonts/type1/bluesky/cm/cmti10
.pfb></usr/local/teTeX/share/texmf.tetex/fonts/type1/bluesky/cm/cmsy6.pfb></usr
/local/teTeX/share/texmf.tetex/fonts/type1/bluesky/cm/cmmi6.pfb></usr/local/teT
eX/share/texmf.tetex/fonts/type1/bluesky/cm/cmmi9.pfb></usr/local/teTeX/share/t
exmf.tetex/fonts/type1/bluesky/cm/cmsy9.pfb></usr/local/teTeX/share/texmf.tetex
/fonts/type1/bluesky/cm/cmr9.pfb></usr/local/teTeX/share/texmf.tetex/fonts/type
1/bluesky/cm/cmr6.pfb></usr/local/teTeX/share/texmf.tetex/fonts/type1/bluesky/c
m/cmsy10.pfb></usr/local/teTeX/share/texmf.tetex/fonts/type1/bluesky/cm/cmsy8.p
fb></usr/local/teTeX/share/texmf.tetex/fonts/type1/bluesky/cm/cmmi8.pfb></usr/l
ocal/teTeX/share/texmf.tetex/fonts/type1/bluesky/cm/cmr8.pfb></usr/local/teTeX/
share/texmf.tetex/fonts/type1/bluesky/cm/cmmi10.pfb></usr/local/teTeX/share/tex
mf.tetex/fonts/type1/bluesky/cm/cmbx10.pfb></usr/local/teTeX/share/texmf.tetex/
fonts/type1/bluesky/cm/cmr10.pfb></usr/local/teTeX/share/texmf.tetex/fonts/type
1/bluesky/cm/cmbx12.pfb>
Output written on notes.pdf (3 pages, 87732 bytes).
